2020-04-08 11:13:29.995 INFO [main] [com.stepdefi.loginstep] [i_will_the_launch_browser_and_open_orangehrm_webpage] [com.stepdefi.loginstep.i_will_the_launch_browser_and_open_orangehrm_webpage(loginstep.java:24)] - Browser is launched
2020-04-08 11:13:30.281 INFO [main] [com.stepdefi.loginstep] [login_page_appears_i_will_give_userid_and_password] [com.stepdefi.loginstep.login_page_appears_i_will_give_userid_and_password(loginstep.java:32)] - Details are given
2020-04-08 11:13:32.171 INFO [main] [com.stepdefi.loginstep] [i_will_click_on_login_button] [com.stepdefi.loginstep.i_will_click_on_login_button(loginstep.java:39)] - Login button is clicked
2020-04-08 11:13:34.214 INFO [main] [com.stepdefi.loginstep] [i_will_click_on_login_button] [com.stepdefi.loginstep.i_will_click_on_login_button(loginstep.java:42)] - Screenshot is taken
2020-04-08 13:03:34.628 INFO [main] [com.stepdefi.loginstep] [i_will_the_launch_browser_and_open_orangehrm_webpage] [com.stepdefi.loginstep.i_will_the_launch_browser_and_open_orangehrm_webpage(loginstep.java:26)] - browser is launched
2020-04-08 13:03:34.904 INFO [main] [com.stepdefi.loginstep] [login_page_appears_i_will_give_something_and_something] [com.stepdefi.loginstep.login_page_appears_i_will_give_something_and_something(loginstep.java:35)] - username and password are given
2020-04-08 13:03:36.692 INFO [main] [com.stepdefi.loginstep] [i_will_click_on_login_button] [com.stepdefi.loginstep.i_will_click_on_login_button(loginstep.java:43)] - login button is clicked
2020-04-08 13:03:38.693 INFO [main] [com.stepdefi.loginstep] [i_will_click_on_login_button] [com.stepdefi.loginstep.i_will_click_on_login_button(loginstep.java:46)] - screenshot is taken
2020-04-08 13:03:52.008 INFO [main] [com.stepdefi.loginstep] [i_will_the_launch_browser_and_open_orangehrm_webpage] [com.stepdefi.loginstep.i_will_the_launch_browser_and_open_orangehrm_webpage(loginstep.java:26)] - browser is launched
2020-04-08 13:03:52.201 INFO [main] [com.stepdefi.loginstep] [login_page_appears_i_will_give_something_and_something] [com.stepdefi.loginstep.login_page_appears_i_will_give_something_and_something(loginstep.java:35)] - username and password are given
2020-04-08 13:03:53.412 INFO [main] [com.stepdefi.loginstep] [i_will_click_on_login_button] [com.stepdefi.loginstep.i_will_click_on_login_button(loginstep.java:43)] - login button is clicked
2020-04-08 13:03:53.889 INFO [main] [com.stepdefi.loginstep] [i_will_click_on_login_button] [com.stepdefi.loginstep.i_will_click_on_login_button(loginstep.java:46)] - screenshot is taken
2020-04-08 13:04:11.734 INFO [main] [com.stepdefi.adminstep] [i_will_launch_orangehrm_page] [com.stepdefi.adminstep.i_will_launch_orangehrm_page(adminstep.java:31)] - page is launched and user is logged in
2020-04-08 13:04:13.098 INFO [main] [com.stepdefi.adminstep] [i_will_select_admin_block] [com.stepdefi.adminstep.i_will_select_admin_block(adminstep.java:39)] - admin is clicked
2020-04-08 13:04:13.606 INFO [main] [com.stepdefi.adminstep] [i_will_enter_usenname_role_employee_name_and_status] [com.stepdefi.adminstep.i_will_enter_usenname_role_employee_name_and_status(adminstep.java:50)] - username,role,employeename and status are entered
2020-04-08 13:04:14.095 INFO [main] [com.stepdefi.adminstep] [i_will_click_search_bar] [com.stepdefi.adminstep.i_will_click_search_bar(adminstep.java:58)] - search button is clicked
2020-04-08 13:04:14.545 INFO [main] [com.stepdefi.adminstep] [i_will_click_search_bar] [com.stepdefi.adminstep.i_will_click_search_bar(adminstep.java:61)] - screenshot is taken
2020-04-08 13:04:28.482 INFO [main] [com.stepdefi.directorystep] [i_will_launch_orangehrm_webpage] [com.stepdefi.directorystep.i_will_launch_orangehrm_webpage(directorystep.java:27)] - page is launched and user is logged in
2020-04-08 13:04:28.560 INFO [main] [com.stepdefi.directorystep] [i_will_go_the_directory_menu] [com.stepdefi.directorystep.i_will_go_the_directory_menu(directorystep.java:33)] - directory is clicked
2020-04-08 13:05:12.756 INFO [main] [com.stepdefi.dashboardstep] [i_will_open_orangehrm_webpage] [com.stepdefi.dashboardstep.i_will_open_orangehrm_webpage(dashboardstep.java:25)] - page is launched and user is logged in
2020-04-08 13:05:12.888 INFO [main] [com.stepdefi.dashboardstep] [i_will_go_to_dashboard] [com.stepdefi.dashboardstep.i_will_go_to_dashboard(dashboardstep.java:32)] - dashboard is clicked
2020-04-08 13:05:14.811 INFO [main] [com.stepdefi.dashboardstep] [i_will_click_on_timesheets] [com.stepdefi.dashboardstep.i_will_click_on_timesheets(dashboardstep.java:39)] - timesheet is clicked
2020-04-08 13:05:14.963 INFO [main] [com.stepdefi.dashboardstep] [i_will_enter_the_name] [com.stepdefi.dashboardstep.i_will_enter_the_name(dashboardstep.java:46)] - employee name is entered
2020-04-08 13:05:15.064 INFO [main] [com.stepdefi.dashboardstep] [click_on_view_button] [com.stepdefi.dashboardstep.click_on_view_button(dashboardstep.java:53)] - view button is pressed
2020-04-08 13:05:15.501 INFO [main] [com.stepdefi.dashboardstep] [click_on_view_button] [com.stepdefi.dashboardstep.click_on_view_button(dashboardstep.java:56)] - screenshot is taken
2020-04-08 13:10:13.538 INFO [main] [com.stepdefi.loginstep] [i_will_the_launch_browser_and_open_orangehrm_webpage] [com.stepdefi.loginstep.i_will_the_launch_browser_and_open_orangehrm_webpage(loginstep.java:26)] - browser is launched
2020-04-08 13:10:13.807 INFO [main] [com.stepdefi.loginstep] [login_page_appears_i_will_give_something_and_something] [com.stepdefi.loginstep.login_page_appears_i_will_give_something_and_something(loginstep.java:35)] - username and password are given
2020-04-08 13:10:15.389 INFO [main] [com.stepdefi.loginstep] [i_will_click_on_login_button] [com.stepdefi.loginstep.i_will_click_on_login_button(loginstep.java:43)] - login button is clicked
2020-04-08 13:10:17.497 INFO [main] [com.stepdefi.loginstep] [i_will_click_on_login_button] [com.stepdefi.loginstep.i_will_click_on_login_button(loginstep.java:46)] - screenshot is taken
2020-04-08 13:10:30.467 INFO [main] [com.stepdefi.loginstep] [i_will_the_launch_browser_and_open_orangehrm_webpage] [com.stepdefi.loginstep.i_will_the_launch_browser_and_open_orangehrm_webpage(loginstep.java:26)] - browser is launched
2020-04-08 13:10:30.634 INFO [main] [com.stepdefi.loginstep] [login_page_appears_i_will_give_something_and_something] [com.stepdefi.loginstep.login_page_appears_i_will_give_something_and_something(loginstep.java:35)] - username and password are given
2020-04-08 13:10:31.818 INFO [main] [com.stepdefi.loginstep] [i_will_click_on_login_button] [com.stepdefi.loginstep.i_will_click_on_login_button(loginstep.java:43)] - login button is clicked
2020-04-08 13:10:32.317 INFO [main] [com.stepdefi.loginstep] [i_will_click_on_login_button] [com.stepdefi.loginstep.i_will_click_on_login_button(loginstep.java:46)] - screenshot is taken
2020-04-08 13:10:47.632 INFO [main] [com.stepdefi.adminstep] [i_will_launch_orangehrm_page] [com.stepdefi.adminstep.i_will_launch_orangehrm_page(adminstep.java:31)] - page is launched and user is logged in
2020-04-08 13:10:50.432 INFO [main] [com.stepdefi.adminstep] [i_will_select_admin_block] [com.stepdefi.adminstep.i_will_select_admin_block(adminstep.java:39)] - admin is clicked
2020-04-08 13:10:50.971 INFO [main] [com.stepdefi.adminstep] [i_will_enter_usenname_role_employee_name_and_status] [com.stepdefi.adminstep.i_will_enter_usenname_role_employee_name_and_status(adminstep.java:50)] - username,role,employeename and status are entered
2020-04-08 13:10:51.465 INFO [main] [com.stepdefi.adminstep] [i_will_click_search_bar] [com.stepdefi.adminstep.i_will_click_search_bar(adminstep.java:58)] - search button is clicked
2020-04-08 13:10:51.927 INFO [main] [com.stepdefi.adminstep] [i_will_click_search_bar] [com.stepdefi.adminstep.i_will_click_search_bar(adminstep.java:61)] - screenshot is taken
2020-04-08 13:11:06.010 INFO [main] [com.stepdefi.directorystep] [i_will_launch_orangehrm_webpage] [com.stepdefi.directorystep.i_will_launch_orangehrm_webpage(directorystep.java:27)] - page is launched and user is logged in
2020-04-08 13:11:08.986 INFO [main] [com.stepdefi.directorystep] [i_will_go_the_directory_menu] [com.stepdefi.directorystep.i_will_go_the_directory_menu(directorystep.java:33)] - directory is clicked
2020-04-08 13:11:09.314 INFO [main] [com.stepdefi.directorystep] [i_will_give_name_and_jobtitle] [com.stepdefi.directorystep.i_will_give_name_and_jobtitle(directorystep.java:41)] - name and title are entered
2020-04-08 13:11:10.314 INFO [main] [com.stepdefi.directorystep] [i_will_click_on_reset_button] [com.stepdefi.directorystep.i_will_click_on_reset_button(directorystep.java:48)] - rest button is clicked
2020-04-08 13:11:10.781 INFO [main] [com.stepdefi.directorystep] [i_will_click_on_reset_button] [com.stepdefi.directorystep.i_will_click_on_reset_button(directorystep.java:52)] - screenshot is taken
2020-04-08 13:11:26.969 INFO [main] [com.stepdefi.dashboardstep] [i_will_open_orangehrm_webpage] [com.stepdefi.dashboardstep.i_will_open_orangehrm_webpage(dashboardstep.java:25)] - page is launched and user is logged in
2020-04-08 13:11:27.529 INFO [main] [com.stepdefi.dashboardstep] [i_will_go_to_dashboard] [com.stepdefi.dashboardstep.i_will_go_to_dashboard(dashboardstep.java:32)] - dashboard is clicked
2020-04-08 13:11:28.452 INFO [main] [com.stepdefi.dashboardstep] [i_will_click_on_timesheets] [com.stepdefi.dashboardstep.i_will_click_on_timesheets(dashboardstep.java:39)] - timesheet is clicked
2020-04-08 13:11:28.603 INFO [main] [com.stepdefi.dashboardstep] [i_will_enter_the_name] [com.stepdefi.dashboardstep.i_will_enter_the_name(dashboardstep.java:46)] - employee name is entered
2020-04-08 13:11:28.695 INFO [main] [com.stepdefi.dashboardstep] [click_on_view_button] [com.stepdefi.dashboardstep.click_on_view_button(dashboardstep.java:53)] - view button is pressed
2020-04-08 13:11:29.188 INFO [main] [com.stepdefi.dashboardstep] [click_on_view_button] [com.stepdefi.dashboardstep.click_on_view_button(dashboardstep.java:56)] - screenshot is taken
